<?xml version="1.0" encoding="UTF-8"?>
<!-- Generated by org.testng.reporters.JUnitReportReporter -->
<testsuite hostname="DESKTOP-2LL1HKM" failures="0" tests="1" name="testCases.TC_001_AccountRegistrationTest" time="1.386" errors="0" timestamp="2024-01-26T12:21:34 IST" skipped="0">
  <testcase classname="testCases.TC_001_AccountRegistrationTest" name="verify_account_registration" time="1.386"/>
</testsuite> <!-- testCases.TC_001_AccountRegistrationTest -->
