<?xml version="1.0" encoding="UTF-8"?>
<!-- Generated by org.testng.reporters.JUnitReportReporter -->
<testsuite hostname="DESKTOP-2LL1HKM" failures="0" tests="5" name="testCases.TC_003_loginDDT" time="15.936" errors="0" timestamp="2024-01-24T02:16:04 IST" skipped="0">
  <testcase classname="testCases.TC_003_loginDDT" name="verify_loginDDT" time="1.179"/>
  <testcase classname="testCases.TC_003_loginDDT" name="verify_loginDDT" time="10.738"/>
  <testcase classname="testCases.TC_003_loginDDT" name="verify_loginDDT" time="1.057"/>
  <testcase classname="testCases.TC_003_loginDDT" name="verify_loginDDT" time="1.157"/>
  <testcase classname="testCases.TC_003_loginDDT" name="verify_loginDDT" time="1.805"/>
</testsuite> <!-- testCases.TC_003_loginDDT -->
