<?xml version="1.0" encoding="UTF-8"?>
<!-- Generated by org.testng.reporters.JUnitReportReporter -->
<testsuite hostname="DESKTOP-2LL1HKM" failures="0" tests="1" name="testCases.TC_004_SearchProductTest" time="0.396" errors="0" timestamp="2024-01-25T23:06:12 IST" skipped="0">
  <testcase classname="testCases.TC_004_SearchProductTest" name="verify_pruductSearch" time="0.396"/>
</testsuite> <!-- testCases.TC_004_SearchProductTest -->
