<?xml version="1.0" encoding="UTF-8"?>
<!-- Generated by org.testng.reporters.JUnitReportReporter -->
<testsuite hostname="DESKTOP-2LL1HKM" failures="0" tests="1" name="testCases.TC_005_AddToCartPageTest" time="0.969" errors="0" timestamp="2024-01-25T23:06:12 IST" skipped="0">
  <testcase classname="testCases.TC_005_AddToCartPageTest" name="verify_addToCart" time="0.969"/>
</testsuite> <!-- testCases.TC_005_AddToCartPageTest -->
